<?xml version="1.0" encoding="UTF-8"?>
<testng-results total="1" passed="1" failed="0" skipped="0">
  <reporter-output>
  </reporter-output>
  <suite started-at="2020-01-07T10:30:26Z" name="Default suite" finished-at="2020-01-07T10:30:26Z" duration-ms="22">
    <groups>
    </groups>
    <test started-at="2020-01-07T10:30:26Z" name="Default test" finished-at="2020-01-07T10:30:26Z" duration-ms="22">
      <class name="com.dev.build.BuildDev">
        <test-method signature="devBuild()[pri:0, instance:com.dev.build.BuildDev@71248c21]" started-at="2020-01-07T16:00:26Z" name="devBuild" finished-at="2020-01-07T16:00:26Z" duration-ms="8" status="PASS">
          <reporter-output>
          </reporter-output>
        </test-method> <!-- devBuild -->
      </class> <!-- com.dev.build.BuildDev -->
    </test> <!-- Default test -->
  </suite> <!-- Default suite -->
</testng-results>
